c:\users\jeo\desktop\dokument\bth\dv2551 3d3\direct 11\jesperassignment\jesper3d2assignment\jesper3d2assignment\x64\debug\vc143.pdb
c:\users\jeo\desktop\dokument\bth\dv2551 3d3\direct 11\jesperassignment\jesper3d2assignment\jesper3d2assignment\x64\debug\vc143.idb
c:\users\jeo\desktop\dokument\bth\dv2551 3d3\direct 11\jesperassignment\jesper3d2assignment\jesper3d2assignment\x64\debug\window.obj
c:\users\jeo\desktop\dokument\bth\dv2551 3d3\direct 11\jesperassignment\jesper3d2assignment\jesper3d2assignment\x64\debug\main.obj
c:\users\jeo\desktop\dokument\bth\dv2551 3d3\direct 11\jesperassignment\jesper3d2assignment\jesper3d2assignment\x64\debug\renderer.obj
c:\users\jeo\desktop\dokument\bth\dv2551 3d3\direct 11\jesperassignment\jesper3d2assignment\jesper3d2assignment\x64\debug\triangle.obj
c:\users\jeo\desktop\dokument\bth\dv2551 3d3\direct 11\jesperassignment\jesper3d2assignment\jesper3d2assignment\trianglevertexshader.cso
c:\users\jeo\desktop\dokument\bth\dv2551 3d3\direct 11\jesperassignment\jesper3d2assignment\jesper3d2assignment\trianglepixelshader.cso
c:\users\jeo\desktop\dokument\bth\dv2551 3d3\direct 11\jesperassignment\jesper3d2assignment\x64\debug\jesper3d2assignment.exe
c:\users\jeo\desktop\dokument\bth\dv2551 3d3\direct 11\jesperassignment\jesper3d2assignment\jesper3d2assignment\x64\debug\jesper3d2assignment.ilk
c:\users\jeo\desktop\dokument\bth\dv2551 3d3\direct 11\jesperassignment\jesper3d2assignment\x64\debug\jesper3d2assignment.pdb
c:\users\jeo\desktop\dokument\bth\dv2551 3d3\direct 11\jesperassignment\jesper3d2assignment\jesper3d2assignment\x64\debug\jesper3d.0931710d.tlog\cl.command.1.tlog
c:\users\jeo\desktop\dokument\bth\dv2551 3d3\direct 11\jesperassignment\jesper3d2assignment\jesper3d2assignment\x64\debug\jesper3d.0931710d.tlog\cl.items.tlog
c:\users\jeo\desktop\dokument\bth\dv2551 3d3\direct 11\jesperassignment\jesper3d2assignment\jesper3d2assignment\x64\debug\jesper3d.0931710d.tlog\cl.read.1.tlog
c:\users\jeo\desktop\dokument\bth\dv2551 3d3\direct 11\jesperassignment\jesper3d2assignment\jesper3d2assignment\x64\debug\jesper3d.0931710d.tlog\cl.write.1.tlog
c:\users\jeo\desktop\dokument\bth\dv2551 3d3\direct 11\jesperassignment\jesper3d2assignment\jesper3d2assignment\x64\debug\jesper3d.0931710d.tlog\fxc.command.1.tlog
c:\users\jeo\desktop\dokument\bth\dv2551 3d3\direct 11\jesperassignment\jesper3d2assignment\jesper3d2assignment\x64\debug\jesper3d.0931710d.tlog\fxc.read.1.tlog
c:\users\jeo\desktop\dokument\bth\dv2551 3d3\direct 11\jesperassignment\jesper3d2assignment\jesper3d2assignment\x64\debug\jesper3d.0931710d.tlog\fxc.write.1.tlog
c:\users\jeo\desktop\dokument\bth\dv2551 3d3\direct 11\jesperassignment\jesper3d2assignment\jesper3d2assignment\x64\debug\jesper3d.0931710d.tlog\link.command.1.tlog
c:\users\jeo\desktop\dokument\bth\dv2551 3d3\direct 11\jesperassignment\jesper3d2assignment\jesper3d2assignment\x64\debug\jesper3d.0931710d.tlog\link.read.1.tlog
c:\users\jeo\desktop\dokument\bth\dv2551 3d3\direct 11\jesperassignment\jesper3d2assignment\jesper3d2assignment\x64\debug\jesper3d.0931710d.tlog\link.write.1.tlog
